[debug] [2023-01-05T13:10:29.421Z] ----------------------------------------------------------------------
[debug] [2023-01-05T13:10:29.423Z] Command:       C:\Program Files\nodejs\node.exe C:\Users\Mabo Mbebeta\AppData\Roaming\npm\node_modules\firebase-tools\lib\bin\firebase.js init
[debug] [2023-01-05T13:10:29.423Z] CLI Version:   11.19.0
[debug] [2023-01-05T13:10:29.423Z] Platform:      win32
[debug] [2023-01-05T13:10:29.424Z] Node Version:  v16.17.1
[debug] [2023-01-05T13:10:29.424Z] Time:          Thu Jan 05 2023 15:10:29 GMT+0200 (Central Africa Time)
[debug] [2023-01-05T13:10:29.424Z] ----------------------------------------------------------------------
[debug] 
[debug] [2023-01-05T13:10:29.427Z] >>> [apiv2][query] GET https://firebase-public.firebaseio.com/cli.json [none]
[debug] [2023-01-05T13:10:29.450Z] > command requires scopes: ["email","openid","https://www.googleapis.com/auth/cloudplatformprojects.readonly","https://www.googleapis.com/auth/firebase","https://www.googleapis.com/auth/cloud-platform"]
[debug] [2023-01-05T13:10:29.451Z] > authorizing via signed-in user (mabombebeta@gmail.com)
[info] 
     ######## #### ########  ######## ########     ###     ######  ########
     ##        ##  ##     ## ##       ##     ##  ##   ##  ##       ##
     ######    ##  ########  ######   ########  #########  ######  ######
     ##        ##  ##    ##  ##       ##     ## ##     ##       ## ##
     ##       #### ##     ## ######## ########  ##     ##  ######  ########

You're about to initialize a Firebase project in this directory:

  C:\Users\Mabo Mbebeta\Downloads\Compressed\mylandingpage-master\mylandingpage-master

[debug] [2023-01-05T13:10:30.666Z] <<< [apiv2][status] GET https://firebase-public.firebaseio.com/cli.json 200
[debug] [2023-01-05T13:10:30.666Z] <<< [apiv2][body] GET https://firebase-public.firebaseio.com/cli.json {"cloudBuildErrorAfter":1594252800000,"cloudBuildWarnAfter":1590019200000,"defaultNode10After":1594252800000,"minVersion":"3.0.5","node8DeploysDisabledAfter":1613390400000,"node8RuntimeDisabledAfter":1615809600000,"node8WarnAfter":1600128000000}
